#
# There is insufficient memory for the Java Runtime Environment to continue.
# Native memory allocation (mmap) failed to map 132120576 bytes for Failed to commit area from 0x0000000082000000 to 0x0000000089e00000 of length 132120576.
# Possible reasons:
#   The system is out of physical RAM or swap space
#   The process is running with CompressedOops enabled, and the Java Heap may be blocking the growth of the native heap
# Possible solutions:
#   Reduce memory load on the system
#   Increase physical memory or swap space
#   Check if swap backing store is full
#   Decrease Java heap size (-Xmx/-Xms)
#   Decrease number of Java threads
#   Decrease Java thread stack sizes (-Xss)
#   Set larger code cache with -XX:ReservedCodeCacheSize=
# This output file may be truncated or incomplete.
#
#  Out of Memory Error (./open/src/hotspot/os/windows/os_windows.cpp:3284), pid=11516, tid=8540
#
# JRE version:  (11.0.14+8) (build )
# Java VM: Java HotSpot(TM) 64-Bit Server VM (11.0.14+8-LTS-263, mixed mode, sharing, tiered, compressed oops, g1 gc, windows-amd64)
# No core dump will be written. Minidumps are not enabled by default on client versions of Windows
#

---------------  S U M M A R Y ------------

Command Line: -agentlib:jdwp=transport=dt_socket,suspend=y,address=localhost:51421 -ea -Dfile.encoding=Cp1252 org.testng.remote.RemoteTestNG -serport 51420 -protocol json -d C:\Users\VISHAKAN\eclipse-workspace\inetBanking1\test-output C:\Users\VISHAKAN\eclipse-workspace\inetBanking1\TestNG.xml

Host: Intel(R) Core(TM) i5-7200U CPU @ 2.50GHz, 4 cores, 7G,  Windows 10 , 64 bit Build 19041 (10.0.19041.1645)
Time: Fri May  6 16:32:57 2022 Central Daylight Time elapsed time: 0.074542 seconds (0d 0h 0m 0s)

---------------  T H R E A D  ---------------

Current thread (0x0000023d8c38f800):  JavaThread "Unknown thread" [_thread_in_vm, id=8540, stack(0x00000060a1700000,0x00000060a1800000)]

Stack: [0x00000060a1700000,0x00000060a1800000]
Native frames: (J=compiled Java code, j=interpreted, Vv=VM code, C=native code)
V  [jvm.dll+0x6296da]
V  [jvm.dll+0x76323f]
V  [jvm.dll+0x7648e9]
V  [jvm.dll+0x764f73]
V  [jvm.dll+0x23d7c8]
V  [jvm.dll+0x626a5a]
V  [jvm.dll+0x61b7f5]
V  [jvm.dll+0x2f262c]
V  [jvm.dll+0x2f24b2]
V  [jvm.dll+0x2f71d6]
V  [jvm.dll+0x339bdf]
V  [jvm.dll+0x339610]
V  [jvm.dll+0x2cfc48]
V  [jvm.dll+0x2d0db6]
V  [jvm.dll+0x73d857]
V  [jvm.dll+0x73f0ef]
V  [jvm.dll+0x346909]
V  [jvm.dll+0x723160]
V  [jvm.dll+0x3b551f]
V  [jvm.dll+0x3b7631]
C  [jli.dll+0x5207]
C  [ucrtbase.dll+0x21bb2]
C  [KERNEL32.DLL+0x17034]
C  [ntdll.dll+0x52651]


---------------  P R O C E S S  ---------------

Threads class SMR info:
_java_thread_list=0x0000023d8a2ce680, length=0, elements={
}

Java Threads: ( => current thread )

Other Threads:
  0x0000023d8c3a3000 GCTaskThread "GC Thread#0" [stack: 0x00000060a1800000,0x00000060a1900000] [id=6860]
  0x0000023d8a3ae000 ConcurrentGCThread "G1 Main Marker" [stack: 0x00000060a1900000,0x00000060a1a00000] [id=6948]
  0x0000023d8c3d2800 ConcurrentGCThread "G1 Conc#0" [stack: 0x00000060a1a00000,0x00000060a1b00000] [id=9776]

[error occurred during error reporting (printing all threads), id 0xc0000005, EXCEPTION_ACCESS_VIOLATION (0xc0000005) at pc=0x00007ffa9488eed7]

VM state:not at safepoint (not fully initialized)

VM Mutex/Monitor currently owned by a thread:  ([mutex/lock_event])
[0x0000023d8c38ba20] Heap_lock - owner thread: 0x0000023d8c38f800

Heap address: 0x0000000082000000, size: 2016 MB, Compressed Oops mode: Non-zero based: 0x0000000082000000
Narrow klass base: 0x0000000000000000, Narrow klass shift: 0

GC Heap History (0 events):
No events

Deoptimization events (0 events):
No events

Classes redefined (0 events):
No events

Internal exceptions (0 events):
No events

Events (0 events):
No events


Dynamic libraries:
0x00007ff6bc650000 - 0x00007ff6bc65f000 	C:\Program Files\Java\jdk-11.0.14\bin\javaw.exe
0x00007ffad7310000 - 0x00007ffad7505000 	C:\WINDOWS\SYSTEM32\ntdll.dll
0x00007ffad66d0000 - 0x00007ffad678e000 	C:\WINDOWS\System32\KERNEL32.DLL
0x00007ffad4c90000 - 0x00007ffad4f58000 	C:\WINDOWS\System32\KERNELBASE.dll
0x00007ffad5060000 - 0x00007ffad5160000 	C:\WINDOWS\System32\ucrtbase.dll
0x00007ffacae90000 - 0x00007ffacaea8000 	C:\Program Files\Java\jdk-11.0.14\bin\jli.dll
0x00007ffad5890000 - 0x00007ffad593e000 	C:\WINDOWS\System32\ADVAPI32.dll
0x00007ffad6da0000 - 0x00007ffad6e3e000 	C:\WINDOWS\System32\msvcrt.dll
0x00007ffad5a70000 - 0x00007ffad5b0c000 	C:\WINDOWS\System32\sechost.dll
0x00007ffad6860000 - 0x00007ffad6985000 	C:\WINDOWS\System32\RPCRT4.dll
0x00007ffad70b0000 - 0x00007ffad7250000 	C:\WINDOWS\System32\USER32.dll
0x00007ffad5160000 - 0x00007ffad5182000 	C:\WINDOWS\System32\win32u.dll
0x00007ffad7080000 - 0x00007ffad70aa000 	C:\WINDOWS\System32\GDI32.dll
0x00007ffad4a30000 - 0x00007ffad4b3b000 	C:\WINDOWS\System32\gdi32full.dll
0x00007ffad4bf0000 - 0x00007ffad4c8d000 	C:\WINDOWS\System32\msvcp_win.dll
0x00007ffacaeb0000 - 0x00007ffacaec5000 	C:\Program Files\Java\jdk-11.0.14\bin\VCRUNTIME140.dll
0x00007ffac6560000 - 0x00007ffac67fa000 	C:\WINDOWS\WinSxS\amd64_microsoft.windows.common-controls_6595b64144ccf1df_6.0.19041.1110_none_60b5254171f9507e\COMCTL32.dll
0x00007fface660000 - 0x00007fface66a000 	C:\WINDOWS\SYSTEM32\VERSION.dll
0x00007ffad5370000 - 0x00007ffad53a0000 	C:\WINDOWS\System32\IMM32.DLL
0x00007ffacadf0000 - 0x00007ffacae8b000 	C:\Program Files\Java\jdk-11.0.14\bin\msvcp140.dll
0x00007ffa945b0000 - 0x00007ffa950c6000 	C:\Program Files\Java\jdk-11.0.14\bin\server\jvm.dll
0x00007ffad6bf0000 - 0x00007ffad6bf8000 	C:\WINDOWS\System32\PSAPI.DLL
0x00007ffac0ca0000 - 0x00007ffac0ca9000 	C:\WINDOWS\SYSTEM32\WSOCK32.dll
0x00007ffad6ad0000 - 0x00007ffad6b3b000 	C:\WINDOWS\System32\WS2_32.dll
0x00007ffac32c0000 - 0x00007ffac32e7000 	C:\WINDOWS\SYSTEM32\WINMM.dll
0x00007ffad3330000 - 0x00007ffad3342000 	C:\WINDOWS\SYSTEM32\kernel.appcore.dll
0x00007ffad1870000 - 0x00007ffad1880000 	C:\Program Files\Java\jdk-11.0.14\bin\verify.dll
0x00007ffad2840000 - 0x00007ffad2a24000 	C:\WINDOWS\SYSTEM32\DBGHELP.DLL
0x00007ffaba790000 - 0x00007ffaba7bc000 	C:\WINDOWS\SYSTEM32\dbgcore.DLL
0x00007ffad4fd0000 - 0x00007ffad5052000 	C:\WINDOWS\System32\bcryptPrimitives.dll
0x00007ffab16b0000 - 0x00007ffab16d8000 	C:\Program Files\Java\jdk-11.0.14\bin\java.dll
0x00007ffad1860000 - 0x00007ffad186a000 	C:\Program Files\Java\jdk-11.0.14\bin\jimage.dll
0x00007ffacac60000 - 0x00007ffacac98000 	C:\Program Files\Java\jdk-11.0.14\bin\jdwp.dll
0x00007ffac2490000 - 0x00007ffac24a6000 	C:\Program Files\Java\jdk-11.0.14\bin\zip.dll

dbghelp: loaded successfully - version: 4.0.5 - missing functions: none
symbol engine: initialized successfully - sym options: 0x614 - pdb path: .;C:\Program Files\Java\jdk-11.0.14\bin;C:\WINDOWS\SYSTEM32;C:\WINDOWS\WinSxS\amd64_microsoft.windows.common-controls_6595b64144ccf1df_6.0.19041.1110_none_60b5254171f9507e;C:\Program Files\Java\jdk-11.0.14\bin\server

VM Arguments:
jvm_args: -agentlib:jdwp=transport=dt_socket,suspend=y,address=localhost:51421 -ea -Dfile.encoding=Cp1252 
java_command: org.testng.remote.RemoteTestNG -serport 51420 -protocol json -d C:\Users\VISHAKAN\eclipse-workspace\inetBanking1\test-output C:\Users\VISHAKAN\eclipse-workspace\inetBanking1\TestNG.xml
java_class_path (initial): C:\Users\VISHAKAN\eclipse\java-2020-034\eclipse\configuration\org.eclipse.osgi\955\0\.cp\lib\testng-remote.jar;C:\Users\VISHAKAN\eclipse-workspace\inetBanking1\target\test-classes;C:\Users\VISHAKAN\eclipse-workspace\inetBanking1\target\classes;C:\Users\VISHAKAN\.m2\repository\junit\junit\4.11\junit-4.11.jar;C:\Users\VISHAKAN\.m2\repository\org\hamcrest\hamcrest-core\1.3\hamcrest-core-1.3.jar;C:\Users\VISHAKAN\.m2\repository\org\seleniumhq\selenium\selenium-java\4.1.2\selenium-java-4.1.2.jar;C:\Users\VISHAKAN\.m2\repository\org\seleniumhq\selenium\selenium-api\4.1.2\selenium-api-4.1.2.jar;C:\Users\VISHAKAN\.m2\repository\org\seleniumhq\selenium\selenium-chrome-driver\4.1.2\selenium-chrome-driver-4.1.2.jar;C:\Users\VISHAKAN\.m2\repository\com\google\auto\service\auto-service-annotations\1.0.1\auto-service-annotations-1.0.1.jar;C:\Users\VISHAKAN\.m2\repository\com\google\auto\service\auto-service\1.0.1\auto-service-1.0.1.jar;C:\Users\VISHAKAN\.m2\repository\com\google\auto\auto-common\1.2\auto-common-1.2.jar;C:\Users\VISHAKAN\.m2\repository\com\google\guava\guava\31.0.1-jre\guava-31.0.1-jre.jar;C:\Users\VISHAKAN\.m2\repository\com\google\guava\failureaccess\1.0.1\failureaccess-1.0.1.jar;C:\Users\VISHAKAN\.m2\repository\com\google\guava\listenablefuture\9999.0-empty-to-avoid-conflict-with-guava\listenablefuture-9999.0-empty-to-avoid-conflict-with-guava.jar;C:\Users\VISHAKAN\.m2\repository\com\google\code\findbugs\jsr305\3.0.2\jsr305-3.0.2.jar;C:\Users\VISHAKAN\.m2\repository\org\checkerframework\checker-qual\3.12.0\checker-qual-3.12.0.jar;C:\Users\VISHAKAN\.m2\repository\com\google\errorprone\error_prone_annotations\2.7.1\error_prone_annotations-2.7.1.jar;C:\Users\VISHAKAN\.m2\repository\com\google\j2objc\j2objc-annotations\1.3\j2objc-annotations-1.3.jar;C:\Users\VISHAKAN\.m2\repository\org\seleniumhq\selenium\selenium-chromium-driver\4.1.2\selenium-chromium-driver-4.1.2.jar;C:\Users\VISHAKAN\.m2\repository\org\seleniumhq\selenium\selenium-j
Launcher Type: SUN_STANDARD

[Global flags]
     intx CICompilerCount                          = 3                                         {product} {ergonomic}
     uint ConcGCThreads                            = 1                                         {product} {ergonomic}
     uint G1ConcRefinementThreads                  = 4                                         {product} {ergonomic}
   size_t G1HeapRegionSize                         = 1048576                                   {product} {ergonomic}
    uintx GCDrainStackTargetSize                   = 64                                        {product} {ergonomic}
   size_t InitialHeapSize                          = 132120576                                 {product} {ergonomic}
   size_t MarkStackSize                            = 4194304                                   {product} {ergonomic}
   size_t MaxHeapSize                              = 2113929216                                {product} {ergonomic}
   size_t MinHeapDeltaBytes                        = 1048576                                   {product} {ergonomic}
    uintx NonNMethodCodeHeapSize                   = 5830732                                {pd product} {ergonomic}
    uintx NonProfiledCodeHeapSize                  = 122913754                              {pd product} {ergonomic}
    uintx ProfiledCodeHeapSize                     = 122913754                              {pd product} {ergonomic}
    uintx ReservedCodeCacheSize                    = 251658240                              {pd product} {ergonomic}
     bool SegmentedCodeCache                       = true                                      {product} {ergonomic}
     bool UseCompressedClassPointers               = true                                 {lp64_product} {ergonomic}
     bool UseCompressedOops                        = true                                 {lp64_product} {ergonomic}
     bool UseG1GC                                  = true                                      {product} {ergonomic}
     bool UseLargePagesIndividualAllocation        = false                                  {pd product} {ergonomic}

Logging:
Log output configuration:
 #0: stdout all=warning uptime,level,tags
 #1: stderr all=off uptime,level,tags

Environment Variables:
JAVA_HOME=C:\Program Files\Java\jdk-11.0.14
PATH=C:/Program Files/Java/jdk-11.0.14/bin/server;C:/Program Files/Java/jdk-11.0.14/bin;C:\Program Files\Common Files\Oracle\Java1\javapath1;C:\Program Files (x86)\Common Files\Oracle\Java\javapath1;C:\Program Files\Microsoft MPI\Bin\;C:\Program Files (x86)\Intel\iCLS Client\;C:\Program Files\Intel\iCLS Client\;C:\WINDOWS\system32;C:\WINDOWS;C:\WINDOWS\System32\Wbem;C:\WINDOWS\System32\WindowsPowerShell\v1.0\;C:\Program Files (x86)\Intel\Intel(R) Management Engine Components\DAL;C:\Program Files\Intel\Intel(R) Management Engine Components\DAL;C:\Program Files (x86)\Intel\Intel(R) Management Engine Components\IPT;C:\Program Files\Intel\Intel(R) Management Engine Components\IPT;C:\Program Files\Microsoft SQL Server\120\Tools\Binn\;C:\Program Files\Microsoft SQL Server\130\Tools\Binn\;C:\Program Files\Microsoft SQL Server\Client SDK\ODBC\130\Tools\Binn\;C:\Program Files (x86)\Microsoft SQL Server\130\Tools\Binn\;C:\Program Files\Microsoft SQL Server\130\DTS\Binn\;C:\Program Files (x86)\Microsoft SQL Server\Client SDK\ODBC\130\Tools\Binn\;C:\Program Files (x86)\Microsoft SQL Server\140\Tools\Binn\;C:\Program Files (x86)\Microsoft SQL Server\140\DTS\Binn\;C:\Program Files (x86)\Microsoft SQL Server\140\Tools\Binn\ManagementStudio\;C:\WINDOWS\System32\OpenSSH\;C:\Program Files\Microsoft\Web Platform Installer\;C:\Program Files (x86)\Microsoft ASP.NET\ASP.NET Web Pages\v1.0\;C:\Program Files (x86)\Windows Kits\8.0\Windows Performance Toolkit\;C:\Program Files\Microsoft SQL Server\110\Tools\Binn\;C:\Program Files\Java\jdk-11.0.14\bin;C:\Program Files\Git\cmd;C:\Program Files\TortoiseGit\bin;C:\Program Files\dotnet\;C:\Users\VISHAKAN\AppData\Local\Programs\Python\Python39\Scripts\;C:\Users\VISHAKAN\AppData\Local\Programs\Python\Python39\;C:\Users\VISHAKAN\AppData\Local\Microsoft\WindowsApps;C:\Users\VISHAKAN\AppData\Local\Programs\Microsoft VS Code\bin;C:\Program Files\apache-maven-3.8.5-bin\apache-maven-3.8.5\bin;;C:\WINDOWS\System32;
USERNAME=VISHAKAN
OS=Windows_NT
PROCESSOR_IDENTIFIER=Intel64 Family 6 Model 142 Stepping 9, GenuineIntel



---------------  S Y S T E M  ---------------

OS: Windows 10 , 64 bit Build 19041 (10.0.19041.1645)

CPU:total 4 (initial active 4) (2 cores per cpu, 2 threads per core) family 6 model 142 stepping 9 microcode 0xb4, cmov, cx8, fxsr, mmx, sse, sse2, sse3, ssse3, sse4.1, sse4.2, popcnt, avx, avx2, aes, clmul, erms, 3dnowpref, lzcnt, ht, tsc, tscinvbit, bmi1, bmi2, adx, fma

Memory: 4k page, system-wide physical 8061M (269M free)
TotalPageFile size 8061M (AvailPageFile size 105M)
current process WorkingSet (physical memory assigned to process): 10M, peak: 10M
current process commit charge ("private bytes"): 51M, peak: 177M

vm_info: Java HotSpot(TM) 64-Bit Server VM (11.0.14+8-LTS-263) for windows-amd64 JRE (11.0.14+8-LTS-263), built on Dec  7 2021 21:53:57 by "mach5one" with MS VC++ 15.9 (VS2017)

END.
